<?xml version="1.0" encoding="UTF-8"?>
<!-- Generated by org.testng.reporters.JUnitXMLReporter -->
<testsuite ignored="0" hostname="MK56" failures="0" tests="3" name="Test" time="104.562" errors="0" timestamp="2024-10-29T18:01:52 IST">
  <testcase classname="TestCases.loginTestCases" name="verifyInvalidLogin" time="9.157"/>
  <testcase classname="TestCases.loginTestCases" name="verifyValidLogin" time="8.398"/>
  <testcase classname="TestCases.myInfoTestCases" name="fillMyInfo" time="51.45"/>
</testsuite> <!-- Test -->
