<?xml version="1.0" encoding="UTF-8"?>
<testng-results ignored="0" total="3" passed="3" failed="0" skipped="0">
  <reporter-output>
  </reporter-output>
  <suite started-at="2024-10-29T18:00:08 IST" name="Suite" finished-at="2024-10-29T18:01:52 IST" duration-ms="104562">
    <groups>
    </groups>
    <test started-at="2024-10-29T18:00:08 IST" name="Test" finished-at="2024-10-29T18:01:52 IST" duration-ms="104562">
      <class name="TestCases.myInfoTestCases">
        <test-method is-config="true" signature="urlLaunch()[pri:0, instance:TestCases.myInfoTestCases@16293aa2]" started-at="2024-10-29T18:00:49 IST" name="urlLaunch" finished-at="2024-10-29T18:00:59 IST" duration-ms="9672" status="PASS">
          <reporter-output>
          </reporter-output>
        </test-method> <!-- urlLaunch -->
        <test-method signature="fillMyInfo()[pri:0, instance:TestCases.myInfoTestCases@16293aa2]" started-at="2024-10-29T18:00:59 IST" name="fillMyInfo" finished-at="2024-10-29T18:01:51 IST" duration-ms="51450" status="PASS">
          <reporter-output>
          </reporter-output>
        </test-method> <!-- fillMyInfo -->
        <test-method is-config="true" signature="quitBrowser()[pri:0, instance:TestCases.myInfoTestCases@16293aa2]" started-at="2024-10-29T18:01:51 IST" name="quitBrowser" finished-at="2024-10-29T18:01:52 IST" duration-ms="1598" status="PASS">
          <reporter-output>
          </reporter-output>
        </test-method> <!-- quitBrowser -->
      </class> <!-- TestCases.myInfoTestCases -->
      <class name="TestCases.loginTestCases">
        <test-method is-config="true" signature="urlLaunch()[pri:0, instance:TestCases.loginTestCases@14dd9eb7]" started-at="2024-10-29T18:00:08 IST" name="urlLaunch" finished-at="2024-10-29T18:00:16 IST" duration-ms="8778" status="PASS">
          <reporter-output>
          </reporter-output>
        </test-method> <!-- urlLaunch -->
        <test-method signature="verifyInvalidLogin()[pri:0, instance:TestCases.loginTestCases@14dd9eb7]" started-at="2024-10-29T18:00:16 IST" name="verifyInvalidLogin" finished-at="2024-10-29T18:00:26 IST" duration-ms="9157" status="PASS">
          <reporter-output>
          </reporter-output>
        </test-method> <!-- verifyInvalidLogin -->
        <test-method is-config="true" signature="quitBrowser()[pri:0, instance:TestCases.loginTestCases@14dd9eb7]" started-at="2024-10-29T18:00:26 IST" name="quitBrowser" finished-at="2024-10-29T18:00:26 IST" duration-ms="657" status="PASS">
          <reporter-output>
          </reporter-output>
        </test-method> <!-- quitBrowser -->
        <test-method is-config="true" signature="urlLaunch()[pri:0, instance:TestCases.loginTestCases@14dd9eb7]" started-at="2024-10-29T18:00:26 IST" name="urlLaunch" finished-at="2024-10-29T18:00:41 IST" duration-ms="14504" status="PASS">
          <reporter-output>
          </reporter-output>
        </test-method> <!-- urlLaunch -->
        <test-method signature="verifyValidLogin()[pri:0, instance:TestCases.loginTestCases@14dd9eb7]" started-at="2024-10-29T18:00:41 IST" name="verifyValidLogin" finished-at="2024-10-29T18:00:49 IST" duration-ms="8398" status="PASS">
          <reporter-output>
          </reporter-output>
        </test-method> <!-- verifyValidLogin -->
        <test-method is-config="true" signature="quitBrowser()[pri:0, instance:TestCases.loginTestCases@14dd9eb7]" started-at="2024-10-29T18:00:49 IST" name="quitBrowser" finished-at="2024-10-29T18:00:49 IST" duration-ms="313" status="PASS">
          <reporter-output>
          </reporter-output>
        </test-method> <!-- quitBrowser -->
      </class> <!-- TestCases.loginTestCases -->
    </test> <!-- Test -->
  </suite> <!-- Suite -->
</testng-results>
